ready S4JJ S4B2NP call P4RB P4VBP P4I2NP P4B2VP me O4PRP O4B2NP
it S4PRP S4B2NP be P4VBZ P4B2VP jessica # O4NNP O4CD O4B2NP O4I2NP
it S4PRP S4B2NP be P4VBZ P4B2VP jessica # O4NNP O4CD O4B2NP O4I2NP
it S4PRP S4B2NP be P4VBZ P4B2VP jessica # O4NNP O4CD O4B2NP O4I2NP
it S4PRP S4B2NP be P4VBZ P4B2VP jessica # O4NNP O4CD O4B2NP O4I2NP
it S4PRP S4B2NP be P4VBZ P4B2VP jessica # O4NNP O4CD O4B2NP O4I2NP
it S4PRP S4B2NP be P4VBZ P4B2VP jessica # O4NNP O4CD O4B2NP O4I2NP
i S4PRP S4B2NP be P4VBP P4B2VP jessica a # year old beauty new # town O4NNP O4DT O4CD O4NN O4NNP O4NNP O4NNP O4CD O4NNP O4B2NP O4I2NP O4I2NP O4I2NP O4I2NP O4I2NP O4I2NP O4I2NP O4I2NP
that want outcalls S4DT S4JJ S4NNS S4B2NP S4I2NP S4I2NP do P4RB P4VBP P4RB P4B2ADVP P4B2VP P4O hesitate O4NNP O4B2NP
jessica S4NNP S4B2NP love P4VB P4B2VP your new favorite O4PRP$ O4NNP O4NNP O4B2NP O4I2NP O4I2NP
hi S4UH S4B2NP babe P4VBD P4B2VP im O4PRP O4B2NP
i S4PRP S4B2NP be P4VBP P4B2VP amber fun O4NNP O4NN O4B2NP O4I2NP
a great physical therapist S4DT S4JJ S4JJ S4NN S4B2NP S4I2NP S4I2NP S4I2NP give P4VB P4B2NP sensual massages O4JJ O4NNS O4I2NP O4I2NP
it S4PRP S4B2NP be P4VBZ P4B2VP amber im italian & latina # O4NNP O4NNP O4NNP O4CC O4NNP O4CD O4B2NP O4I2NP O4I2NP O4I2NP O4I2NP O4I2NP
i S4PRP S4B2NP give P4VBP P4RB P4B2VP P4B2NP awesome sensual massages O4JJ O4JJ O4NNS O4I2NP O4I2NP O4I2NP
u S4PRP S4B2NP ask for P4MD P4VB P4IN P4B2VP P4I2VP P4B2PP my donations & menu O4PRP$ O4NNP O4CC O4NNP O4B2NP O4I2NP O4I2NP O4I2NP
my name S4PRP$ S4NN S4B2NP S4I2NP be P4VBZ P4B2VP amber O4NNP O4B2NP
the type of girl S4DT S4NN S4IN S4NN S4B2NP S4I2NP S4I2NP S4I2NP be willing as P4MD P4VB P4RB P4RB P4JJ P4IN P4B2VP P4I2VP P4B2ADJP P4I2ADJP P4I2ADJP P4B2SBAR you O4PRP O4B2NP
my name S4PRP$ S4NN S4B2NP S4I2NP be P4VBZ P4B2VP amber O4NNP O4B2NP
i S4PRP S4B2NP love to have P4VBP P4TO P4VB P4B2VP P4I2VP P4I2VP fun O4NN O4B2NP
i S4PRP S4B2NP stay in P4VBP P4VBG P4IN P4B2VP P4I2VP P4B2PP concord O4NN O4B2NP
