


/Users/ZwEin/Dropbox/Job/StudentWork at USC-ISI/ISI/Assignment/Assignment One (20160114)/raw/Sony Alpha A7R II Digital Camera Review - Reviewed.com Cameras.html
1
Sony
took
the camera world
0
1
1
2
2
5
0.8206746025898781
Sony took the camera world by surprise in 2014 by offering not one , but three full-frame mirrorless cameras .
NNP VBD DT NN NN IN NN IN CD IN VBG RB CD , CC CD JJ JJ NNS .
B-NP B-VP B-NP I-NP I-NP B-PP B-NP B-PP B-NP B-PP B-VP B-NP I-NP O O B-NP I-NP I-NP I-NP O
sony
take
the camera world



/Users/ZwEin/Dropbox/Job/StudentWork at USC-ISI/ISI/Assignment/Assignment One (20160114)/raw/Sony Alpha A7R II Digital Camera Review - Reviewed.com Cameras.html
2
The new A7 series
certainly made
a splash
0
4
4
6
6
8
0.9378872070869969
The new A7 series certainly made a splash , but none of them really made a strong case for pros to ditch their huge DSLRs in favor of a newer , smaller kit .
DT JJ NNP NN RB VBD DT NN , CC NN IN PRP RB VBD DT JJ NN IN NNS TO NN PRP$ JJ NNS IN NN IN DT JJR , JJR NN .
B-NP I-NP I-NP I-NP B-ADVP B-VP B-NP I-NP O O B-NP I-NP I-NP B-ADVP B-VP B-NP I-NP I-NP B-PP B-NP B-PP B-NP B-NP I-NP I-NP B-PP B-NP I-NP I-NP I-NP I-NP I-NP I-NP O
the new a7 series
make
a splash



/Users/ZwEin/Dropbox/Job/StudentWork at USC-ISI/ISI/Assignment/Assignment One (20160114)/raw/Sony Alpha A7R II Digital Camera Review - Reviewed.com Cameras.html
2
none of them
really made a strong case for
pros
10
13
13
19
19
20
0.2523248806445024
The new A7 series certainly made a splash , but none of them really made a strong case for pros to ditch their huge DSLRs in favor of a newer , smaller kit .
DT JJ NNP NN RB VBD DT NN , CC NN IN PRP RB VBD DT JJ NN IN NNS TO NN PRP$ JJ NNS IN NN IN DT JJR , JJR NN .
B-NP I-NP I-NP I-NP B-ADVP B-VP B-NP I-NP O O B-NP I-NP I-NP B-ADVP B-VP B-NP I-NP I-NP B-PP B-NP B-PP B-NP B-NP I-NP I-NP B-PP B-NP I-NP I-NP I-NP I-NP I-NP I-NP O
none of them
make case for
pros



/Users/ZwEin/Dropbox/Job/StudentWork at USC-ISI/ISI/Assignment/Assignment One (20160114)/raw/Sony Alpha A7R II Digital Camera Review - Reviewed.com Cameras.html
3
it
was n&#
39;t
7
8
8
10
10
11
0.5964910913459971
A7Rhad a lot to offer , but it was n&# 39;t quite fast or dependable enough to be a pro&# 39;s workhorse camera .
CC DT NN TO VB , CC PRP VBD RB NNP RB RB CC JJ JJ TO VB DT JJ JJ NN NN .
O B-NP I-NP B-VP I-VP O O B-NP B-VP B-ADVP B-NP B-ADVP B-ADVP O B-NP I-NP B-VP I-VP B-NP I-NP I-NP I-NP I-NP O
it
be
39;t



/Users/ZwEin/Dropbox/Job/StudentWork at USC-ISI/ISI/Assignment/Assignment One (20160114)/raw/Sony Alpha A7R II Digital Camera Review - Reviewed.com Cameras.html
4
39;t
exactly make
a great first impression
12
13
13
15
15
19
0.3180571206762692
Iffy autofocus , a loud shutter , and horrible battery life don&# 39;t exactly make a great first impression .
JJ NN , DT JJ NN , CC JJ NN NN VBP PRP RB VBP DT JJ JJ NN .
B-NP I-NP O B-NP I-NP I-NP O O B-NP I-NP I-NP B-VP B-NP B-ADVP B-VP B-NP I-NP I-NP I-NP O
39;t
make
a great first impression



/Users/ZwEin/Dropbox/Job/StudentWork at USC-ISI/ISI/Assignment/Assignment One (20160114)/raw/Sony Alpha A7R II Digital Camera Review - Reviewed.com Cameras.html
6
the A7R II
is
a far more competent and serious pro-ready camera
4
7
7
8
8
16
0.6189014376981594
In this regard , the A7R II is a far more competent and serious pro-ready camera than its predecessor .
IN DT NN , DT NNP NNP VBZ DT RB RBR JJ CC JJ JJ NN IN PRP$ NN .
B-PP B-NP I-NP O B-NP I-NP I-NP B-VP B-NP I-NP I-NP I-NP I-NP I-NP I-NP I-NP B-PP B-NP I-NP O
the a7r ii
be
a far more competent and serious pro-ready camera



/Users/ZwEin/Dropbox/Job/StudentWork at USC-ISI/ISI/Assignment/Assignment One (20160114)/raw/Sony Alpha A7R II Digital Camera Review - Reviewed.com Cameras.html
8
it
justify
the price
12
13
13
14
14
16
0.3088670029715541
But with so many excellent full-frame cameras on the market , can it justify the price ?
CC IN RB JJ JJ JJ NNS IN DT NN , MD PRP VB DT NN .
O B-PP B-NP I-NP I-NP I-NP I-NP B-PP B-NP I-NP O O B-NP B-VP B-NP I-NP O
it
justify
the price



/Users/ZwEin/Dropbox/Job/StudentWork at USC-ISI/ISI/Assignment/Assignment One (20160114)/raw/Sony Alpha A7R II Digital Camera Review - Reviewed.com Cameras.html
9
you
first pull
the A7R II
1
2
2
4
4
7
0.25254193815432296
When you first pull the A7R II out of the box , you &# 39;ll notice that it is a blocky , angular beast of a camera .
WRB PRP RB VB DT NNP NNP IN IN DT NN , PRP VBP JJ NN IN PRP VBZ DT JJ , JJ NN IN DT NN .
B-ADVP B-NP B-ADVP B-VP B-NP I-NP I-NP B-PP B-PP B-NP I-NP O B-NP B-VP B-NP I-NP B-SBAR B-NP B-VP B-NP I-NP I-NP I-NP I-NP I-NP I-NP I-NP O
you
pull
the a7r ii



/Users/ZwEin/Dropbox/Job/StudentWork at USC-ISI/ISI/Assignment/Assignment One (20160114)/raw/Sony Alpha A7R II Digital Camera Review - Reviewed.com Cameras.html
9
it
is
a blocky , angular beast of a camera
17
18
18
19
19
27
0.16608823224756117
When you first pull the A7R II out of the box , you &# 39;ll notice that it is a blocky , angular beast of a camera .
WRB PRP RB VB DT NNP NNP IN IN DT NN , PRP VBP JJ NN IN PRP VBZ DT JJ , JJ NN IN DT NN .
B-ADVP B-NP B-ADVP B-VP B-NP I-NP I-NP B-PP B-PP B-NP I-NP O B-NP B-VP B-NP I-NP B-SBAR B-NP B-VP B-NP I-NP I-NP I-NP I-NP I-NP I-NP I-NP O
it
be
a blocky , angular beast of a camera



/Users/ZwEin/Dropbox/Job/StudentWork at USC-ISI/ISI/Assignment/Assignment One (20160114)/raw/Sony Alpha A7R II Digital Camera Review - Reviewed.com Cameras.html
11
Its body
is made primarily of
a lightweight magnesium alloy
0
2
2
6
6
10
0.9583869752888912
Its body is made primarily of a lightweight magnesium alloy , but it &# 39;s still got a satisfying heft to it .
PRP$ NN VBZ VBN RB IN DT JJ NN NN , CC PRP VBD . RB VBD DT JJ NN TO PRP .
B-NP I-NP B-VP I-VP B-ADVP B-PP B-NP I-NP I-NP I-NP O O B-NP B-VP B-NP B-ADVP B-VP B-NP I-NP I-NP B-PP B-NP O
its body
make of
a lightweight magnesium alloy



/Users/ZwEin/Dropbox/Job/StudentWork at USC-ISI/ISI/Assignment/Assignment One (20160114)/raw/Sony Alpha A7R II Digital Camera Review - Reviewed.com Cameras.html
11
39;s
still got
a satisfying heft
14
15
15
17
17
20
0.3693563384752026
Its body is made primarily of a lightweight magnesium alloy , but it &# 39;s still got a satisfying heft to it .
PRP$ NN VBZ VBN RB IN DT JJ NN NN , CC PRP VBD . RB VBD DT JJ NN TO PRP .
B-NP I-NP B-VP I-VP B-ADVP B-PP B-NP I-NP I-NP I-NP O O B-NP B-VP B-NP B-ADVP B-VP B-NP I-NP I-NP B-PP B-NP O
39;s
get
a satisfying heft



/Users/ZwEin/Dropbox/Job/StudentWork at USC-ISI/ISI/Assignment/Assignment One (20160114)/raw/Sony Alpha A7R II Digital Camera Review - Reviewed.com Cameras.html
12
39;ll
appreciate
the robust chunky controls
7
8
8
9
9
13
0.6458648748312834
Once you start shooting , you &# 39;ll appreciate the robust chunky controls .
RB PRP VBP VBG , PRP VBP JJ VBP DT JJ NN NNS .
O B-NP B-VP I-VP O B-NP B-VP B-NP B-VP B-NP I-NP I-NP I-NP O
39;ll
appreciate
the robust chunky controls



/Users/ZwEin/Dropbox/Job/StudentWork at USC-ISI/ISI/Assignment/Assignment One (20160114)/raw/Sony Alpha A7R II Digital Camera Review - Reviewed.com Cameras.html
13
The grip
is deeper than
it
0
2
2
5
5
6
0.16984043951510147
The grip is deeper than it was on the original—though a bit short—and all of the primary controls you &# 39;ll need are within reach .
DT NN VBZ JJR IN PRP VBD IN DT JJ DT NN VBZ DT IN DT JJ NNS PRP VBP JJ NN VBP IN NN .
B-NP I-NP B-VP B-ADJP B-SBAR B-NP B-VP B-PP B-NP I-NP I-NP I-NP B-VP B-NP I-NP I-NP I-NP I-NP B-NP B-VP B-NP I-NP B-VP B-PP B-NP O
the grip
be deeper than
it



/Users/ZwEin/Dropbox/Job/StudentWork at USC-ISI/ISI/Assignment/Assignment One (20160114)/raw/Sony Alpha A7R II Digital Camera Review - Reviewed.com Cameras.html
13
it
was on
the original—though a bit
5
6
6
8
8
12
0.2941634038810975
The grip is deeper than it was on the original—though a bit short—and all of the primary controls you &# 39;ll need are within reach .
DT NN VBZ JJR IN PRP VBD IN DT JJ DT NN VBZ DT IN DT JJ NNS PRP VBP JJ NN VBP IN NN .
B-NP I-NP B-VP B-ADJP B-SBAR B-NP B-VP B-PP B-NP I-NP I-NP I-NP B-VP B-NP I-NP I-NP I-NP I-NP B-NP B-VP B-NP I-NP B-VP B-PP B-NP O
it
be on
the original—though a bit



/Users/ZwEin/Dropbox/Job/StudentWork at USC-ISI/ISI/Assignment/Assignment One (20160114)/raw/Sony Alpha A7R II Digital Camera Review - Reviewed.com Cameras.html
13
39;ll need
are within
reach
20
22
22
24
24
25
0.6608635745526036
The grip is deeper than it was on the original—though a bit short—and all of the primary controls you &# 39;ll need are within reach .
DT NN VBZ JJR IN PRP VBD IN DT JJ DT NN VBZ DT IN DT JJ NNS PRP VBP JJ NN VBP IN NN .
B-NP I-NP B-VP B-ADJP B-SBAR B-NP B-VP B-PP B-NP I-NP I-NP I-NP B-VP B-NP I-NP I-NP I-NP I-NP B-NP B-VP B-NP I-NP B-VP B-PP B-NP O
39;ll need
be within
reach



/Users/ZwEin/Dropbox/Job/StudentWork at USC-ISI/ISI/Assignment/Assignment One (20160114)/raw/Sony Alpha A7R II Digital Camera Review - Reviewed.com Cameras.html
14
your thumb&# 39;s natural resting place
was
a nice touch
7
13
13
14
14
17
0.7926574357220058
Placing the focus mode selector switch underneath your thumb&# 39;s natural resting place was a nice touch , and Sony &# 39;s menu systems are relatively simple to operate .
VBG DT NN NN NN NN IN PRP$ NN JJ JJ VBG NN VBD DT JJ NN , CC NNP VBD JJ NN NNS VBP RB JJ TO VB .
B-VP B-NP I-NP I-NP I-NP I-NP B-PP B-NP I-NP I-NP I-NP I-NP I-NP B-VP B-NP I-NP I-NP O O B-NP B-VP B-NP I-NP I-NP B-VP B-ADJP I-ADJP B-VP I-VP O
your thumb&# 39;s natural resting place
be
a nice touch



/Users/ZwEin/Dropbox/Job/StudentWork at USC-ISI/ISI/Assignment/Assignment One (20160114)/raw/Sony Alpha A7R II Digital Camera Review - Reviewed.com Cameras.html
16
The grip
is
a tad
0
2
2
3
3
5
0.8004274409587673
The grip is a tad too short , and I almost always found my pinky hanging off the bottom of the camera .
DT NN VBZ DT NN RB JJ , CC PRP RB RB VBD PRP$ JJ VBG IN DT NN IN DT NN .
B-NP I-NP B-VP B-NP I-NP B-ADJP I-ADJP O O B-NP B-ADVP B-ADVP B-VP B-NP I-NP B-VP B-PP B-NP I-NP I-NP I-NP I-NP O
the grip
be
a tad



/Users/ZwEin/Dropbox/Job/StudentWork at USC-ISI/ISI/Assignment/Assignment One (20160114)/raw/Sony Alpha A7R II Digital Camera Review - Reviewed.com Cameras.html
16
I
always found
my pinky
9
10
11
13
13
15
0.16846301767054103
The grip is a tad too short , and I almost always found my pinky hanging off the bottom of the camera .
DT NN VBZ DT NN RB JJ , CC PRP RB RB VBD PRP$ JJ VBG IN DT NN IN DT NN .
B-NP I-NP B-VP B-NP I-NP B-ADJP I-ADJP O O B-NP B-ADVP B-ADVP B-VP B-NP I-NP B-VP B-PP B-NP I-NP I-NP I-NP I-NP O
i
find
my pinky



/Users/ZwEin/Dropbox/Job/StudentWork at USC-ISI/ISI/Assignment/Assignment One (20160114)/raw/Sony Alpha A7R II Digital Camera Review - Reviewed.com Cameras.html
17
it
makes
the camera
15
16
16
17
17
19
0.35950482562912645
While that &# 39;s the way to take photos , it is uncomfortable , and it makes the camera tougher to grip .
IN DT NN VBD DT NN TO VB NNS , PRP VBZ JJ , CC PRP VBZ DT NN JJR TO NN .
B-SBAR B-NP I-NP B-VP B-NP I-NP B-VP I-VP B-NP O B-NP B-VP B-ADJP O O B-NP B-VP B-NP I-NP B-ADJP B-PP B-NP O
it
make
the camera



/Users/ZwEin/Dropbox/Job/StudentWork at USC-ISI/ISI/Assignment/Assignment One (20160114)/raw/Sony Alpha A7R II Digital Camera Review - Reviewed.com Cameras.html
18
39;ve
got exceptionally
heavy glass
9
10
10
12
12
14
0.4769349951985984
You &# 39;ll definitely notice that if you &# 39;ve got exceptionally heavy glass on your A7R II .
PRP VBP JJ RB NN IN IN PRP VBP CD VBD RB JJ NN IN PRP$ JJ NNP .
B-NP B-VP B-NP I-NP I-NP B-SBAR B-SBAR B-NP B-VP B-NP B-VP B-NP I-NP I-NP B-PP B-NP I-NP I-NP O
#
get
heavy glass



/Users/ZwEin/Dropbox/Job/StudentWork at USC-ISI/ISI/Assignment/Assignment One (20160114)/raw/Sony Alpha A7R II Digital Camera Review - Reviewed.com Cameras.html
21
this EVF
is plenty wide—blocking quite a bit of
ambient light
12
14
14
21
21
23
0.7441641956943719
Not only is the eye cup extremely soft and comfortable , but this EVF is plenty wide—blocking quite a bit of ambient light .
RB RB VBZ DT NN NN RB JJ CC JJ , CC DT NN VBZ RB JJ RB DT NN IN JJ NN .
B-CONJP I-CONJP B-VP B-NP I-NP I-NP B-ADJP I-ADJP O B-ADJP O O B-NP I-NP B-VP B-ADJP I-ADJP B-ADVP B-NP I-NP I-NP I-NP I-NP O
this evf
be bit of
ambient light



/Users/ZwEin/Dropbox/Job/StudentWork at USC-ISI/ISI/Assignment/Assignment One (20160114)/raw/Sony Alpha A7R II Digital Camera Review - Reviewed.com Cameras.html
22
you
can do lots of
things
15
16
16
20
20
21
0.19638656721604933
It&# 39;s perfect for just about any shooting condition , bright or dark , and you can do lots of things on an EVF that can&# 39;t be done in an optical viewfinder like focus assist and peaking .
PRP VBD JJ IN RB IN DT NN NN , JJ CC JJ , CC PRP MD VB NNS IN NNS IN DT NN IN NN VBD VB VBN IN DT JJ NN IN NN VB CC VBG .
B-NP B-VP B-ADJP B-PP B-ADVP B-PP B-NP I-NP I-NP O B-NP I-NP I-NP O O B-NP B-VP I-VP B-NP I-NP I-NP B-PP B-NP I-NP B-PP B-NP B-VP I-VP I-VP B-PP B-NP I-NP I-NP B-PP B-NP B-VP O B-VP O
you
do lot of
things



/Users/ZwEin/Dropbox/Job/StudentWork at USC-ISI/ISI/Assignment/Assignment One (20160114)/raw/Sony Alpha A7R II Digital Camera Review - Reviewed.com Cameras.html
23
Our main complaint
is
the shutter button
0
3
3
4
4
7
0.9032188706142626
Our main complaint is the shutter button .
PRP$ JJ NN VBZ DT NN NN .
B-NP I-NP I-NP B-VP B-NP I-NP I-NP O
our main complaint
be
the shutter button



/Users/ZwEin/Dropbox/Job/StudentWork at USC-ISI/ISI/Assignment/Assignment One (20160114)/raw/Sony Alpha A7R II Digital Camera Review - Reviewed.com Cameras.html
27
your instinct
is to put
it
17
19
19
22
22
23
0.042320664965863876
It&# 39;s like driving a manual transmission with a brand new clutch that activates right away ; your instinct is to put it to the floor , even though it does n&# 39;t do anything .
PRP VBD IN VBG DT JJ NN IN DT NN JJ NN IN NNS RB RB : PRP$ NN VBZ TO VB PRP TO DT NN , RB IN PRP VBZ RB VB VB NN .
B-NP B-VP B-PP B-VP B-NP I-NP I-NP B-PP B-NP I-NP I-NP I-NP B-PP B-NP B-ADVP I-ADVP O B-NP I-NP B-VP B-VP I-VP B-NP B-PP B-NP I-NP O B-SBAR I-SBAR B-NP B-VP I-VP I-VP I-VP B-NP O
your instinct
be to put
it



/Users/ZwEin/Dropbox/Job/StudentWork at USC-ISI/ISI/Assignment/Assignment One (20160114)/raw/Sony Alpha A7R II Digital Camera Review - Reviewed.com Cameras.html
30
you
need to
first press
14
15
15
17
17
19
0.042523259877394005
For example , during playback if you want to zoom in to check focus you need to first press the &quot;zoom&quot ; button , which is only barely reachable with your thumb .
IN NN , IN NN IN PRP VBP TO VB IN TO VB NN PRP VBP TO JJ NN DT NN : NN , WDT VBZ RB RB VB IN PRP$ NN .
B-PP B-NP O B-PP B-NP B-SBAR B-NP B-VP I-VP I-VP B-ADVP B-VP I-VP B-NP B-NP B-VP B-PP B-NP I-NP B-NP I-NP O B-NP O B-NP B-VP I-VP I-VP I-VP B-PP B-NP I-NP O
you
need to
first press



/Users/ZwEin/Dropbox/Job/StudentWork at USC-ISI/ISI/Assignment/Assignment One (20160114)/raw/Sony Alpha A7R II Digital Camera Review - Reviewed.com Cameras.html
30
button
is only barely reachable with
your thumb
22
23
25
30
30
32
0.2030609523988073
For example , during playback if you want to zoom in to check focus you need to first press the &quot;zoom&quot ; button , which is only barely reachable with your thumb .
IN NN , IN NN IN PRP VBP TO VB IN TO VB NN PRP VBP TO JJ NN DT NN : NN , WDT VBZ RB RB VB IN PRP$ NN .
B-PP B-NP O B-PP B-NP B-SBAR B-NP B-VP I-VP I-VP B-ADVP B-VP I-VP B-NP B-NP B-VP B-PP B-NP I-NP B-NP I-NP O B-NP O B-NP B-VP I-VP I-VP I-VP B-PP B-NP I-NP O
button
reachable with
your thumb



/Users/ZwEin/Dropbox/Job/StudentWork at USC-ISI/ISI/Assignment/Assignment One (20160114)/raw/Sony Alpha A7R II Digital Camera Review - Reviewed.com Cameras.html
31
This
is a camera with
three control dials
0
1
1
5
5
8
0.9512240498453262
This is a camera with three control dials , all of which just scroll through images by default .
DT VBZ DT NN IN CD NN NNS , DT IN WDT RB VBP IN NNS IN NN .
B-NP B-VP B-NP I-NP B-PP B-NP I-NP I-NP O B-NP I-NP I-NP B-ADVP B-VP B-PP B-NP B-PP B-NP O
this
be camera with
# control dials



/Users/ZwEin/Dropbox/Job/StudentWork at USC-ISI/ISI/Assignment/Assignment One (20160114)/raw/Sony Alpha A7R II Digital Camera Review - Reviewed.com Cameras.html
31
all of which
just scroll through
images
9
12
12
15
15
16
0.5256403399039484
This is a camera with three control dials , all of which just scroll through images by default .
DT VBZ DT NN IN CD NN NNS , DT IN WDT RB VBP IN NNS IN NN .
B-NP B-VP B-NP I-NP B-PP B-NP I-NP I-NP O B-NP I-NP I-NP B-ADVP B-VP B-PP B-NP B-PP B-NP O
all of which
scroll through
images



/Users/ZwEin/Dropbox/Job/StudentWork at USC-ISI/ISI/Assignment/Assignment One (20160114)/raw/Sony Alpha A7R II Digital Camera Review - Reviewed.com Cameras.html
34
I
mostly consider
myself
8
9
9
11
11
12
0.03551100040278346
While I didn&# 39;t miss any shots , I mostly consider myself lucky .
IN PRP RB JJ NN DT NNS , PRP RB VBP PRP JJ .
B-SBAR B-NP B-ADVP B-NP I-NP B-NP I-NP O B-NP B-ADVP B-VP B-NP B-ADJP O
i
consider
myself



/Users/ZwEin/Dropbox/Job/StudentWork at USC-ISI/ISI/Assignment/Assignment One (20160114)/raw/Sony Alpha A7R II Digital Camera Review - Reviewed.com Cameras.html
35
I
swore to
myself
8
9
9
11
11
12
0.08313265509670194
The autofocus was hit or miss , and I swore to myself a few times trying to change some of the less-basic settings on the fly .
DT NN VBD VBN CC NN , CC PRP VBD TO PRP DT JJ NNS VBG TO VB DT IN DT JJ NNS IN DT NN .
B-NP I-NP B-VP I-VP O B-NP O O B-NP B-VP B-PP B-NP B-NP I-NP I-NP B-VP I-VP I-VP B-NP I-NP I-NP I-NP I-NP B-PP B-NP I-NP O
i
swear to
myself



/Users/ZwEin/Dropbox/Job/StudentWork at USC-ISI/ISI/Assignment/Assignment One (20160114)/raw/Sony Alpha A7R II Digital Camera Review - Reviewed.com Cameras.html
36
superb high ISO performance
enabled
some shots
3
7
7
8
8
10
0.5005108454773771
The stabilization and superb high ISO performance enabled some shots I would &# 39;ve otherwise missed , but the nagging sense that I might miss a moment while I&# 39;m fiddling with a gummy control never left me .
DT NN CC JJ JJ NN NN VBD DT NNS PRP MD RB VB RB VBN , CC DT JJ NN IN PRP MD VB DT NN IN DT JJ NN IN DT JJ NN RB VBD PRP .
B-NP I-NP O B-NP I-NP I-NP I-NP B-VP B-NP I-NP B-NP B-VP I-VP I-VP I-VP I-VP O O B-NP I-NP I-NP B-NP B-NP B-VP I-VP B-NP I-NP B-SBAR B-NP I-NP I-NP B-PP B-NP I-NP I-NP B-ADVP B-VP B-NP O
superb high iso performance
enable
some shots



/Users/ZwEin/Dropbox/Job/StudentWork at USC-ISI/ISI/Assignment/Assignment One (20160114)/raw/Sony Alpha A7R II Digital Camera Review - Reviewed.com Cameras.html
36
I
might miss
a moment
22
23
23
25
25
27
0.04977413291695187
The stabilization and superb high ISO performance enabled some shots I would &# 39;ve otherwise missed , but the nagging sense that I might miss a moment while I&# 39;m fiddling with a gummy control never left me .
DT NN CC JJ JJ NN NN VBD DT NNS PRP MD RB VB RB VBN , CC DT JJ NN IN PRP MD VB DT NN IN DT JJ NN IN DT JJ NN RB VBD PRP .
B-NP I-NP O B-NP I-NP I-NP I-NP B-VP B-NP I-NP B-NP B-VP I-VP I-VP I-VP I-VP O O B-NP I-NP I-NP B-NP B-NP B-VP I-VP B-NP I-NP B-SBAR B-NP I-NP I-NP B-PP B-NP I-NP I-NP B-ADVP B-VP B-NP O
i
miss
a moment



/Users/ZwEin/Dropbox/Job/StudentWork at USC-ISI/ISI/Assignment/Assignment One (20160114)/raw/Sony Alpha A7R II Digital Camera Review - Reviewed.com Cameras.html
36
a gummy control
never left
me
32
35
35
37
37
38
0.272432076163073
The stabilization and superb high ISO performance enabled some shots I would &# 39;ve otherwise missed , but the nagging sense that I might miss a moment while I&# 39;m fiddling with a gummy control never left me .
DT NN CC JJ JJ NN NN VBD DT NNS PRP MD RB VB RB VBN , CC DT JJ NN IN PRP MD VB DT NN IN DT JJ NN IN DT JJ NN RB VBD PRP .
B-NP I-NP O B-NP I-NP I-NP I-NP B-VP B-NP I-NP B-NP B-VP I-VP I-VP I-VP I-VP O O B-NP I-NP I-NP B-NP B-NP B-VP I-VP B-NP I-NP B-SBAR B-NP I-NP I-NP B-PP B-NP I-NP I-NP B-ADVP B-VP B-NP O
a gummy control
leave
me



/Users/ZwEin/Dropbox/Job/StudentWork at USC-ISI/ISI/Assignment/Assignment One (20160114)/raw/Sony Alpha A7R II Digital Camera Review - Reviewed.com Cameras.html
37
this camera
really shines is in
the studio
1
3
3
7
7
9
0.6818744147134911
Where this camera really shines is in the studio .
WRB DT NN RB VBZ VBZ IN DT NN .
B-ADVP B-NP I-NP B-ADVP B-VP B-NP B-PP B-NP I-NP O
this camera
shine be in
the studio



/Users/ZwEin/Dropbox/Job/StudentWork at USC-ISI/ISI/Assignment/Assignment One (20160114)/raw/Sony Alpha A7R II Digital Camera Review - Reviewed.com Cameras.html
39
the A7R II
is free to do
its best work
3
6
6
10
10
13
0.8163374745766097
Here is where the A7R II is free to do its best work , putting the wonderful image sensor to good use .
RB VBZ WRB DT NNP NNP VBZ JJ TO VB PRP$ JJS NN , VBG DT JJ NN NN TO JJ NN .
B-ADVP B-VP B-ADVP B-NP I-NP I-NP B-VP B-ADJP B-VP I-VP B-NP I-NP I-NP O B-VP B-NP I-NP I-NP I-NP B-PP B-NP I-NP O
the a7r ii
be free to do
its best work



/Users/ZwEin/Dropbox/Job/StudentWork at USC-ISI/ISI/Assignment/Assignment One (20160114)/raw/Sony Alpha A7R II Digital Camera Review - Reviewed.com Cameras.html
40
The A7R II
is stuffed to
the gills
6
9
9
12
12
14
0.8461904005121899
One thing is quite clear : The A7R II is stuffed to the gills with features—some useful , others not so much .
CD NN VBZ RB JJ : DT NNP NNP VBZ VBN TO DT NNS IN JJ JJ , NNS RB RB RB .
B-NP I-NP B-VP B-ADJP I-ADJP O B-NP I-NP I-NP B-VP I-VP B-PP B-NP I-NP B-PP B-NP I-NP I-NP I-NP B-ADVP I-ADVP I-ADVP O
the a7r ii
stuff to
the gills



/Users/ZwEin/Dropbox/Job/StudentWork at USC-ISI/ISI/Assignment/Assignment One (20160114)/raw/Sony Alpha A7R II Digital Camera Review - Reviewed.com Cameras.html
41
in-viewfinder focus
assist
all
17
19
19
20
20
21
0.2036955993012607
Items like 4K video , a monster 42.4 megapixel sensor , incredible in-body image stabilization , and in-viewfinder focus assist all make for a flagship-level camera .
NNS IN JJ NN , DT NN CD NN NN , JJ JJ NN NN , CC JJ NN VB DT VBP IN DT JJ NN .
B-NP B-PP B-NP I-NP O B-NP I-NP I-NP I-NP I-NP O B-NP I-NP I-NP I-NP O O B-NP I-NP B-VP B-NP B-VP B-PP B-NP I-NP I-NP O
in-viewfinder focus
assist
all



/Users/ZwEin/Dropbox/Job/StudentWork at USC-ISI/ISI/Assignment/Assignment One (20160114)/raw/Sony Alpha A7R II Digital Camera Review - Reviewed.com Cameras.html
41
all
make for
a flagship-level camera
20
21
21
23
23
26
0.7443987363149548
Items like 4K video , a monster 42.4 megapixel sensor , incredible in-body image stabilization , and in-viewfinder focus assist all make for a flagship-level camera .
NNS IN JJ NN , DT NN CD NN NN , JJ JJ NN NN , CC JJ NN VB DT VBP IN DT JJ NN .
B-NP B-PP B-NP I-NP O B-NP I-NP I-NP I-NP I-NP O B-NP I-NP I-NP I-NP O O B-NP I-NP B-VP B-NP B-VP B-PP B-NP I-NP I-NP O
all
make for
a flagship-level camera



/Users/ZwEin/Dropbox/Job/StudentWork at USC-ISI/ISI/Assignment/Assignment One (20160114)/raw/Sony Alpha A7R II Digital Camera Review - Reviewed.com Cameras.html
45
this feature
does
a great job
2
4
4
5
5
8
0.6382851433395867
II , this feature does a great job of eliminating the ill effects of shaky hands at low shutter speeds .
NNP , DT NN VBZ DT JJ NN IN VBG DT JJ NNS IN JJ NNS IN JJ NN NNS .
B-NP O B-NP I-NP B-VP B-NP I-NP I-NP B-PP B-VP B-NP I-NP I-NP I-NP I-NP I-NP B-PP B-NP I-NP I-NP O
this feature
do
a great job



/Users/ZwEin/Dropbox/Job/StudentWork at USC-ISI/ISI/Assignment/Assignment One (20160114)/raw/Sony Alpha A7R II Digital Camera Review - Reviewed.com Cameras.html
46
this
is
great news
2
3
3
4
4
6
0.6382851433395867
Obviously , this is great news for shooting stills in low light , but it &# 39;s also stellar for videographers , too .
RB , DT VBZ JJ NN IN VBG NNS IN JJ NN , CC PRP VBD VBG RB JJ IN NNS , RB .
B-ADVP O B-NP B-VP B-NP I-NP B-PP B-VP B-NP B-PP B-NP I-NP O O B-NP B-VP I-VP B-NP I-NP B-PP B-NP O B-ADVP O
this
be
great news



/Users/ZwEin/Dropbox/Job/StudentWork at USC-ISI/ISI/Assignment/Assignment One (20160114)/raw/Sony Alpha A7R II Digital Camera Review - Reviewed.com Cameras.html
47
a variety focusing modes
make their appearance on
the A7R II
11
15
15
19
19
22
0.9520834266974859
Like the rest of the Sony lineup , focus peaking and a variety focusing modes make their appearance on the A7R II .
IN DT NN IN DT NNP NN , NN NN CC DT NN VBG NNS VBP PRP$ NN IN DT NNP NNP .
B-PP B-NP I-NP I-NP I-NP I-NP I-NP O B-NP I-NP O B-NP I-NP I-NP I-NP B-VP B-NP I-NP B-PP B-NP I-NP I-NP O
a variety focusing modes
make appearance on
the a7r ii



/Users/ZwEin/Dropbox/Job/StudentWork at USC-ISI/ISI/Assignment/Assignment One (20160114)/raw/Sony Alpha A7R II Digital Camera Review - Reviewed.com Cameras.html
48
You
probably make good use out of
the focus magnifier
0
1
4
10
10
13
0.43814011999832536
You &# 39;ll also probably make good use out of the focus magnifier if you &# 39;re apt to lean on manual focus for macro shots , and the flexible focus spot modes are similarly useful .
PRP VBP JJ RB RB VB JJ NN IN IN DT NN NN IN PRP VBP JJ JJ TO VB IN JJ NN IN JJ NNS , CC DT JJ NN NN NNS VBP RB JJ .
B-NP B-VP B-ADJP I-ADJP I-ADJP B-VP B-NP I-NP B-PP B-PP B-NP I-NP I-NP B-SBAR B-NP B-VP B-NP I-NP B-VP I-VP B-PP B-NP I-NP B-PP B-NP I-NP O O B-NP I-NP I-NP I-NP I-NP B-VP B-ADJP I-ADJP O
you
make use out of
the focus magnifier



/Users/ZwEin/Dropbox/Job/StudentWork at USC-ISI/ISI/Assignment/Assignment One (20160114)/raw/Sony Alpha A7R II Digital Camera Review - Reviewed.com Cameras.html
49
you
can dramatically boost
the lenses
12
13
13
16
16
18
0.24478532562041963
While you won&# 39;t get autofocus with most adapters out there , you can dramatically boost the lenses available to be used with your camera by snagging one .
IN PRP MD VB VB NN IN RBS NNS IN RB , PRP MD RB VB DT NNS JJ TO VB VBN IN PRP$ NN IN VBG CD .
B-SBAR B-NP B-VP I-VP I-VP B-NP B-PP B-NP I-NP B-PP B-ADVP O B-NP B-VP I-VP I-VP B-NP I-NP B-ADJP B-VP I-VP I-VP B-PP B-NP I-NP B-PP B-VP B-NP O
you
boost
the lenses



/Users/ZwEin/Dropbox/Job/StudentWork at USC-ISI/ISI/Assignment/Assignment One (20160114)/raw/Sony Alpha A7R II Digital Camera Review - Reviewed.com Cameras.html
50
particular
allows
you
6
7
7
8
8
9
0.05219942127077213
The $ 300+ LA-EA4 adapter in particular allows you to use old A-mount lenses from Konica Minolta&# 39;s heyday to older Sony-branded ones , and it adds its own phase-detect AF sensor and motor .
DT $ CD CD NN IN JJ VBZ PRP TO VB JJ NN NNS IN NNP NNP VBD NN TO JJR JJ NNS , CC PRP VBZ PRP$ JJ NN NNS NN CC NN .
B-NP I-NP I-NP I-NP I-NP B-PP B-NP B-VP B-NP B-VP I-VP B-NP I-NP I-NP B-PP B-NP I-NP B-VP B-NP B-PP B-NP I-NP I-NP O O B-NP B-VP B-NP I-NP I-NP I-NP I-NP I-NP I-NP O
particular
allow
you



/Users/ZwEin/Dropbox/Job/StudentWork at USC-ISI/ISI/Assignment/Assignment One (20160114)/raw/Sony Alpha A7R II Digital Camera Review - Reviewed.com Cameras.html
50
it
adds
its own phase-detect AF sensor and motor
25
26
26
27
27
34
0.11213107084847126
The $ 300+ LA-EA4 adapter in particular allows you to use old A-mount lenses from Konica Minolta&# 39;s heyday to older Sony-branded ones , and it adds its own phase-detect AF sensor and motor .
DT $ CD CD NN IN JJ VBZ PRP TO VB JJ NN NNS IN NNP NNP VBD NN TO JJR JJ NNS , CC PRP VBZ PRP$ JJ NN NNS NN CC NN .
B-NP I-NP I-NP I-NP I-NP B-PP B-NP B-VP B-NP B-VP I-VP B-NP I-NP I-NP B-PP B-NP I-NP B-VP B-NP B-PP B-NP I-NP I-NP O O B-NP B-VP B-NP I-NP I-NP I-NP I-NP I-NP I-NP O
it
add
its own phase-detect af sensor and motor



/Users/ZwEin/Dropbox/Job/StudentWork at USC-ISI/ISI/Assignment/Assignment One (20160114)/raw/Sony Alpha A7R II Digital Camera Review - Reviewed.com Cameras.html
52
The mechanical shutter
is still
pretty meaty
0
3
3
5
5
7
0.9227709077707019
The mechanical shutter is still pretty meaty , but it &# 39;s nowhere near as clunky as the original .
DT JJ NN VBZ RB JJ NN , CC PRP RB VBD RB JJ RB JJ IN DT JJ .
B-NP I-NP I-NP B-VP B-ADVP B-NP I-NP O O B-NP B-ADVP B-VP B-NP I-NP I-NP I-NP B-PP B-NP I-NP O
the mechanical shutter
be
pretty meaty



/Users/ZwEin/Dropbox/Job/StudentWork at USC-ISI/ISI/Assignment/Assignment One (20160114)/raw/Sony Alpha A7R II Digital Camera Review - Reviewed.com Cameras.html
53
This
allows
you
0
1
1
2
2
3
0.10488925808601962
This allows you to work without becoming a distraction , and it turns one of the A7R&# 39;s biggest drawbacks into a selling point .
DT VBZ PRP TO VB IN VBG DT NN , CC PRP VBZ CD IN DT JJ JJ JJS NNS IN DT NN NN .
B-NP B-VP B-NP B-VP I-VP B-PP B-VP B-NP I-NP O O B-NP B-VP B-NP I-NP I-NP I-NP I-NP I-NP I-NP B-PP B-NP I-NP I-NP O
this
allow
you



/Users/ZwEin/Dropbox/Job/StudentWork at USC-ISI/ISI/Assignment/Assignment One (20160114)/raw/Sony Alpha A7R II Digital Camera Review - Reviewed.com Cameras.html
53
it
turns one of
the A7R&# 39;s biggest drawbacks
11
12
12
15
15
20
0.4128255435643508
This allows you to work without becoming a distraction , and it turns one of the A7R&# 39;s biggest drawbacks into a selling point .
DT VBZ PRP TO VB IN VBG DT NN , CC PRP VBZ CD IN DT JJ JJ JJS NNS IN DT NN NN .
B-NP B-VP B-NP B-VP I-VP B-PP B-VP B-NP I-NP O O B-NP B-VP B-NP I-NP I-NP I-NP I-NP I-NP I-NP B-PP B-NP I-NP I-NP O
it
turn one of
the a7r&# 39;s biggest drawbacks



/Users/ZwEin/Dropbox/Job/StudentWork at USC-ISI/ISI/Assignment/Assignment One (20160114)/raw/Sony Alpha A7R II Digital Camera Review - Reviewed.com Cameras.html
54
your camera bodies
will appreciate
the hot shoe
11
14
14
16
16
19
0.19113571761516682
Those of you out there that like to use accessories with your camera bodies will appreciate the hot shoe located at the top of the EVF.
DT IN PRP IN RB DT IN TO VB NNS IN PRP$ NN NNS MD VB DT JJ NN VBN IN DT NN IN DT NNP
B-NP I-NP I-NP B-PP B-NP I-NP B-PP B-PP B-NP I-NP B-PP B-NP I-NP I-NP B-VP I-VP B-NP I-NP I-NP B-VP B-PP B-NP I-NP I-NP I-NP I-NP
your camera bodies
appreciate
the hot shoe



/Users/ZwEin/Dropbox/Job/StudentWork at USC-ISI/ISI/Assignment/Assignment One (20160114)/raw/Sony Alpha A7R II Digital Camera Review - Reviewed.com Cameras.html
55
the camera
supports 8-bit 4:2:2 recording of
4K video
3
5
5
10
10
12
0.7126716338690768
For videographers , the camera supports 8-bit 4:2:2 recording of 4K video with the use of an external recorder via the well-hidden HDMI port on the left of the camera .
IN NNS , DT NN VBZ JJ JJ NN IN JJ NN IN DT NN IN DT JJ NN IN DT JJ NNP NN IN DT NN IN DT NN .
B-PP B-NP O B-NP I-NP B-VP B-NP I-NP I-NP I-NP I-NP I-NP B-PP B-NP I-NP I-NP I-NP I-NP I-NP B-PP B-NP I-NP I-NP I-NP B-PP B-NP I-NP I-NP I-NP I-NP O
the camera
support recording of
4k video



/Users/ZwEin/Dropbox/Job/StudentWork at USC-ISI/ISI/Assignment/Assignment One (20160114)/raw/Sony Alpha A7R II Digital Camera Review - Reviewed.com Cameras.html
56
The lack of 10-bit 4K video
is
a concern
0
6
6
7
7
9
0.8570098994965692
The lack of 10-bit 4K video is a concern , but there are other A7 cameras that serve that need .
DT NN IN JJ JJ NN VBZ DT NN , CC EX VBP JJ IN NNS WDT VBP IN NN .
B-NP I-NP I-NP I-NP I-NP I-NP B-VP B-NP I-NP O O B-NP B-VP B-ADJP B-PP B-NP B-NP B-VP B-PP B-NP O
the lack of 10-bit 4k video
be
a concern



/Users/ZwEin/Dropbox/Job/StudentWork at USC-ISI/ISI/Assignment/Assignment One (20160114)/raw/Sony Alpha A7R II Digital Camera Review - Reviewed.com Cameras.html
57
the A7R II
boasts
microphone and headphone ports
7
10
10
11
11
15
0.2206406974954007
To complete the videographer&# 39;s ensemble , the A7R II boasts microphone and headphone ports behind a door on the left side of the camera .
TO VB DT NN IN NN , DT NNP NNP VBZ NN CC NN NNS IN DT NN IN DT JJ NN IN DT NN .
B-VP I-VP B-NP I-NP B-PP B-NP O B-NP I-NP I-NP B-VP B-NP I-NP I-NP I-NP B-PP B-NP I-NP B-PP B-NP I-NP I-NP I-NP I-NP I-NP O
the a7r ii
boast
microphone and headphone ports



/Users/ZwEin/Dropbox/Job/StudentWork at USC-ISI/ISI/Assignment/Assignment One (20160114)/raw/Sony Alpha A7R II Digital Camera Review - Reviewed.com Cameras.html
58
The Sony A7R II
put on
an absolute clinic
0
4
4
6
6
9
0.9451839616894754
The Sony A7R II put on an absolute clinic in our lab tests , acing nearly every one .
DT NNP NNP NNP VBD IN DT JJ NN IN PRP$ NN NNS , VBG RB DT CD .
B-NP I-NP I-NP I-NP B-VP B-PP B-NP I-NP I-NP B-PP B-NP I-NP I-NP O B-VP B-NP I-NP I-NP O
the sony a7r ii
put on
an absolute clinic



/Users/ZwEin/Dropbox/Job/StudentWork at USC-ISI/ISI/Assignment/Assignment One (20160114)/raw/Sony Alpha A7R II Digital Camera Review - Reviewed.com Cameras.html
59
this camera
is simply one of
the best
15
17
17
21
21
23
0.7303097717209617
While there are still nagging concerns about these high-resolution sensors , the 42.4-megapixel sensor in this camera is simply one of the best on the market , especially with the ability to shoot in 14-bit RAW.
IN EX VBP RB VBG NNS IN DT JJ NNS , DT JJ NN IN DT NN VBZ RB CD IN DT JJS IN DT NN , RB IN DT NN TO VB IN JJ .
B-SBAR B-NP B-VP I-VP I-VP B-NP B-PP B-NP I-NP I-NP O B-NP I-NP I-NP B-PP B-NP I-NP B-VP B-NP I-NP I-NP I-NP I-NP B-PP B-NP I-NP O B-ADVP B-PP B-NP I-NP B-VP I-VP B-PP B-ADJP O
this camera
be one of
the best



/Users/ZwEin/Dropbox/Job/StudentWork at USC-ISI/ISI/Assignment/Assignment One (20160114)/raw/Sony Alpha A7R II Digital Camera Review - Reviewed.com Cameras.html
61
major advantage
is
its superb dynamic range
3
5
5
6
6
10
0.8229651288417996
The sensor&# 39;s major advantage is its superb dynamic range , allowing you to push exposure in post-processing without suffering excessive loss of detail or banding .
DT NN VBD JJ NN VBZ PRP$ JJ JJ NN , VBG PRP TO VB NN IN NN IN VBG JJ NN IN NN CC NN .
B-NP I-NP B-VP B-NP I-NP B-VP B-NP I-NP I-NP I-NP O B-VP B-NP B-VP I-VP B-NP B-PP B-NP B-PP B-VP B-NP I-NP I-NP I-NP I-NP I-NP O
major advantage
be
its superb dynamic range



/Users/ZwEin/Dropbox/Job/StudentWork at USC-ISI/ISI/Assignment/Assignment One (20160114)/raw/Sony Alpha A7R II Digital Camera Review - Reviewed.com Cameras.html
62
the Sony A7R II
will have
a lot more detail
5
9
9
11
11
15
0.5386370992043913
Additionally , shots taken with the Sony A7R II will have a lot more detail in shadows thanks to the sensor&# 39;s low noise floor .
RB , NNS VBN IN DT NNP NNP NNP MD VB DT NN JJR NN IN NNS NNS TO DT NN POS JJ NN NN .
B-ADVP O B-NP B-VP B-PP B-NP I-NP I-NP I-NP B-VP I-VP B-NP I-NP I-NP I-NP B-PP B-NP I-NP B-PP B-NP I-NP I-NP I-NP I-NP I-NP O
the sony a7r ii
have
a lot more detail



/Users/ZwEin/Dropbox/Job/StudentWork at USC-ISI/ISI/Assignment/Assignment One (20160114)/raw/Sony Alpha A7R II Digital Camera Review - Reviewed.com Cameras.html
65
39;ll
want
high-quality glass
6
7
7
8
8
10
0.2552244275577343
As a result , you &# 39;ll want high-quality glass to use with the A7R II , but you &# 39;ll squeeze every ounce of performance out of any glass you mount to the camera .
IN DT NN , PRP VBP JJ VBP JJ NN TO VB IN DT NNP NNP , CC PRP VBP JJ NN DT NN IN NN IN IN DT NN PRP VBP TO DT NN .
B-PP B-NP I-NP O B-NP B-VP B-NP B-VP B-NP I-NP B-VP I-VP B-PP B-NP I-NP I-NP O O B-NP B-VP B-NP I-NP B-NP I-NP I-NP I-NP B-PP B-PP B-NP I-NP B-NP B-VP B-PP B-NP I-NP O
39;ll
want
high-quality glass



/Users/ZwEin/Dropbox/Job/StudentWork at USC-ISI/ISI/Assignment/Assignment One (20160114)/raw/Sony Alpha A7R II Digital Camera Review - Reviewed.com Cameras.html
65
you
mount to
the camera
30
31
31
33
33
35
0.19101169726319078
As a result , you &# 39;ll want high-quality glass to use with the A7R II , but you &# 39;ll squeeze every ounce of performance out of any glass you mount to the camera .
IN DT NN , PRP VBP JJ VBP JJ NN TO VB IN DT NNP NNP , CC PRP VBP JJ NN DT NN IN NN IN IN DT NN PRP VBP TO DT NN .
B-PP B-NP I-NP O B-NP B-VP B-NP B-VP B-NP I-NP B-VP I-VP B-PP B-NP I-NP I-NP O O B-NP B-VP B-NP I-NP B-NP I-NP I-NP I-NP B-PP B-PP B-NP I-NP B-NP B-VP B-PP B-NP I-NP O
you
mount to
the camera



/Users/ZwEin/Dropbox/Job/StudentWork at USC-ISI/ISI/Assignment/Assignment One (20160114)/raw/Sony Alpha A7R II Digital Camera Review - Reviewed.com Cameras.html
66
small pixels
will equal
more noise
11
13
13
15
15
17
0.365735810625804
As with any high-res sensor there is always a concern that small pixels will equal more noise .
IN IN DT NNS NN EX VBZ RB DT NN IN JJ NNS MD VB JJR NN .
B-PP B-PP B-NP I-NP I-NP B-NP B-VP B-ADVP B-NP I-NP B-PP B-NP I-NP B-VP I-VP B-NP I-NP O
small pixels
equal
more noise



/Users/ZwEin/Dropbox/Job/StudentWork at USC-ISI/ISI/Assignment/Assignment One (20160114)/raw/Sony Alpha A7R II Digital Camera Review - Reviewed.com Cameras.html
67
we
pushed
it
1
2
2
3
3
4
0.02202274829151209
When we pushed it to its limit , however , we found the camera performs surprisingly well even at its higher ISO speeds .
WRB PRP VBD PRP TO PRP$ NN , RB , PRP VBD DT NN VBZ RB RB RB IN PRP$ JJR NN NNS .
B-ADVP B-NP B-VP B-NP B-PP B-NP I-NP O B-ADVP O B-NP B-VP B-NP I-NP B-VP B-ADVP I-ADVP B-ADVP B-PP B-NP I-NP I-NP I-NP O
we
push
it



/Users/ZwEin/Dropbox/Job/StudentWork at USC-ISI/ISI/Assignment/Assignment One (20160114)/raw/Sony Alpha A7R II Digital Camera Review - Reviewed.com Cameras.html
67
we
found
the camera
10
11
11
12
12
14
0.09865761542011482
When we pushed it to its limit , however , we found the camera performs surprisingly well even at its higher ISO speeds .
WRB PRP VBD PRP TO PRP$ NN , RB , PRP VBD DT NN VBZ RB RB RB IN PRP$ JJR NN NNS .
B-ADVP B-NP B-VP B-NP B-PP B-NP I-NP O B-ADVP O B-NP B-VP B-NP I-NP B-VP B-ADVP I-ADVP B-ADVP B-PP B-NP I-NP I-NP I-NP O
we
find
the camera



/Users/ZwEin/Dropbox/Job/StudentWork at USC-ISI/ISI/Assignment/Assignment One (20160114)/raw/Sony Alpha A7R II Digital Camera Review - Reviewed.com Cameras.html
67
the camera
performs surprisingly well even at
its higher ISO speeds
12
14
14
19
19
23
0.8407299746092808
When we pushed it to its limit , however , we found the camera performs surprisingly well even at its higher ISO speeds .
WRB PRP VBD PRP TO PRP$ NN , RB , PRP VBD DT NN VBZ RB RB RB IN PRP$ JJR NN NNS .
B-ADVP B-NP B-VP B-NP B-PP B-NP I-NP O B-ADVP O B-NP B-VP B-NP I-NP B-VP B-ADVP I-ADVP B-ADVP B-PP B-NP I-NP I-NP I-NP O
the camera
perform at
its higher iso speeds



/Users/ZwEin/Dropbox/Job/StudentWork at USC-ISI/ISI/Assignment/Assignment One (20160114)/raw/Sony Alpha A7R II Digital Camera Review - Reviewed.com Cameras.html
68
This
carried over into
video
0
1
1
4
4
5
0.854745336815592
This carried over into video as well , where we were able to produce incredibly bright video with as little as 1 lux of light .
DT VBD RP IN NN RB RB , WRB PRP VBD JJ TO VB RB JJ NN IN RB JJ IN CD NN IN NN .
B-NP B-VP B-PRT B-NP I-NP B-ADVP I-ADVP O B-ADVP B-NP B-VP B-ADJP B-VP I-VP B-NP I-NP I-NP B-PP B-NP I-NP I-NP I-NP I-NP I-NP I-NP O
this
carry over into
video



/Users/ZwEin/Dropbox/Job/StudentWork at USC-ISI/ISI/Assignment/Assignment One (20160114)/raw/Sony Alpha A7R II Digital Camera Review - Reviewed.com Cameras.html
72
I
just leave
most things
13
14
14
16
16
18
0.03955091910259991
It&# 39;s to the point that if I&# 39;m shooting RAW or JPEG I just leave most things in auto and forget about it .
PRP VBZ TO DT NN IN IN PRP VBP VBG NNP CC NNP PRP RB VB RBS NNS IN NN CC VB IN PRP .
B-NP B-VP B-PP B-NP I-NP B-SBAR B-SBAR B-NP B-VP I-VP B-NP I-NP I-NP B-NP B-ADVP B-VP B-NP I-NP B-PP B-NP O B-VP B-PP B-NP O
i
leave
most things



/Users/ZwEin/Dropbox/Job/StudentWork at USC-ISI/ISI/Assignment/Assignment One (20160114)/raw/Sony Alpha A7R II Digital Camera Review - Reviewed.com Cameras.html
72
most things
forget about
it
16
18
21
23
23
24
0.048316935404162285
It&# 39;s to the point that if I&# 39;m shooting RAW or JPEG I just leave most things in auto and forget about it .
PRP VBZ TO DT NN IN IN PRP VBP VBG NNP CC NNP PRP RB VB RBS NNS IN NN CC VB IN PRP .
B-NP B-VP B-PP B-NP I-NP B-SBAR B-SBAR B-NP B-VP I-VP B-NP I-NP I-NP B-NP B-ADVP B-VP B-NP I-NP B-PP B-NP O B-VP B-PP B-NP O
most things
forget about
it



/Users/ZwEin/Dropbox/Job/StudentWork at USC-ISI/ISI/Assignment/Assignment One (20160114)/raw/Sony Alpha A7R II Digital Camera Review - Reviewed.com Cameras.html
73
I&#
probably said this about
a mere handful of cameras
0
1
2
6
6
11
0.6058639580826687
I&# 39;ve probably said this about a mere handful of cameras , but with the A7R II &# 39;s dynamic range being what it is even shots taken at ISO 12,800 are decent enough to be used with minimal post-processing .
PRP JJ RB VBD DT IN DT JJ NN IN NNS , CC IN DT NNP NNP CC JJ JJ NN VBG WP PRP VBZ RB NNS VBN IN NNP CD VBP JJ RB TO VB VBN IN JJ NN .
B-NP B-ADVP B-ADVP B-VP B-NP B-PP B-NP I-NP I-NP I-NP I-NP O O B-PP B-NP I-NP I-NP O B-NP I-NP I-NP B-VP B-NP B-NP B-VP O B-NP B-VP B-PP B-NP I-NP B-VP B-ADJP I-ADJP B-VP I-VP I-VP B-PP B-NP I-NP O
i&#
say about
a mere handful of cameras



/Users/ZwEin/Dropbox/Job/StudentWork at USC-ISI/ISI/Assignment/Assignment One (20160114)/raw/Sony Alpha A7R II Digital Camera Review - Reviewed.com Cameras.html
73
it
is even
shots
23
24
24
26
26
27
0.019916483772315315
I&# 39;ve probably said this about a mere handful of cameras , but with the A7R II &# 39;s dynamic range being what it is even shots taken at ISO 12,800 are decent enough to be used with minimal post-processing .
PRP JJ RB VBD DT IN DT JJ NN IN NNS , CC IN DT NNP NNP CC JJ JJ NN VBG WP PRP VBZ RB NNS VBN IN NNP CD VBP JJ RB TO VB VBN IN JJ NN .
B-NP B-ADVP B-ADVP B-VP B-NP B-PP B-NP I-NP I-NP I-NP I-NP O O B-PP B-NP I-NP I-NP O B-NP I-NP I-NP B-VP B-NP B-NP B-VP O B-NP B-VP B-PP B-NP I-NP B-VP B-ADJP I-ADJP B-VP I-VP I-VP B-PP B-NP I-NP O
it
be
shots



/Users/ZwEin/Dropbox/Job/StudentWork at USC-ISI/ISI/Assignment/Assignment One (20160114)/raw/Sony Alpha A7R II Digital Camera Review - Reviewed.com Cameras.html
73
ISO 12,800
are decent enough to be used with
minimal post-processing
29
31
31
38
38
40
0.49270891236354614
I&# 39;ve probably said this about a mere handful of cameras , but with the A7R II &# 39;s dynamic range being what it is even shots taken at ISO 12,800 are decent enough to be used with minimal post-processing .
PRP JJ RB VBD DT IN DT JJ NN IN NNS , CC IN DT NNP NNP CC JJ JJ NN VBG WP PRP VBZ RB NNS VBN IN NNP CD VBP JJ RB TO VB VBN IN JJ NN .
B-NP B-ADVP B-ADVP B-VP B-NP B-PP B-NP I-NP I-NP I-NP I-NP O O B-PP B-NP I-NP I-NP O B-NP I-NP I-NP B-VP B-NP B-NP B-VP O B-NP B-VP B-PP B-NP I-NP B-VP B-ADJP I-ADJP B-VP I-VP I-VP B-PP B-NP I-NP O
iso #
be decent to be use with
minimal post-processing



/Users/ZwEin/Dropbox/Job/StudentWork at USC-ISI/ISI/Assignment/Assignment One (20160114)/raw/Sony Alpha A7R II Digital Camera Review - Reviewed.com Cameras.html
75
your focus
was on
point
1
3
3
5
5
6
0.6036271492682949
If your focus was on point , you &# 39;ve got the shot .
IN PRP$ NN VBD IN NN , PRP VBP CD VBD DT NN .
B-SBAR B-NP I-NP B-VP B-PP B-NP O B-NP B-VP B-NP B-VP B-NP I-NP O
your focus
be on
point



/Users/ZwEin/Dropbox/Job/StudentWork at USC-ISI/ISI/Assignment/Assignment One (20160114)/raw/Sony Alpha A7R II Digital Camera Review - Reviewed.com Cameras.html
75
39;ve
got
the shot
9
10
10
11
11
13
0.45800023171690907
If your focus was on point , you &# 39;ve got the shot .
IN PRP$ NN VBD IN NN , PRP VBP CD VBD DT NN .
B-SBAR B-NP I-NP B-VP B-PP B-NP O B-NP B-VP B-NP B-VP B-NP I-NP O
#
get
the shot



/Users/ZwEin/Dropbox/Job/StudentWork at USC-ISI/ISI/Assignment/Assignment One (20160114)/raw/Sony Alpha A7R II Digital Camera Review - Reviewed.com Cameras.html
76
Video performance
was generally excellent with
the camera
0
2
2
6
6
8
0.9536345748706272
Video performance was generally excellent with the camera .
NNP NN VBD RB JJ IN DT NN .
B-NP I-NP B-VP B-ADJP I-ADJP B-PP B-NP I-NP O
video performance
be excellent with
the camera



/Users/ZwEin/Dropbox/Job/StudentWork at USC-ISI/ISI/Assignment/Assignment One (20160114)/raw/Sony Alpha A7R II Digital Camera Review - Reviewed.com Cameras.html
77
It
shoots 4K video in
Sony &#
0
1
1
5
5
7
0.32593982265015004
It shoots 4K video in Sony &# 39;s XAVC S codec , which is based on h.264 compression .
PRP VBZ JJ NN IN NNP NNP VBD NNP NNP NN , WDT VBZ VBN IN CD NN .
B-NP B-VP B-NP I-NP B-PP B-NP I-NP B-VP B-NP I-NP I-NP O B-NP B-VP I-VP B-PP B-NP I-NP O
it
shoot video in
sony &#



/Users/ZwEin/Dropbox/Job/StudentWork at USC-ISI/ISI/Assignment/Assignment One (20160114)/raw/Sony Alpha A7R II Digital Camera Review - Reviewed.com Cameras.html
77
XAVC S codec
is based on
h.264 compression
8
11
13
16
16
18
0.8881191858862894
It shoots 4K video in Sony &# 39;s XAVC S codec , which is based on h.264 compression .
PRP VBZ JJ NN IN NNP NNP VBD NNP NNP NN , WDT VBZ VBN IN CD NN .
B-NP B-VP B-NP I-NP B-PP B-NP I-NP B-VP B-NP I-NP I-NP O B-NP B-VP I-VP B-PP B-NP I-NP O
xavc s codec
base on
# compression



/Users/ZwEin/Dropbox/Job/StudentWork at USC-ISI/ISI/Assignment/Assignment One (20160114)/raw/Sony Alpha A7R II Digital Camera Review - Reviewed.com Cameras.html
78
This
means
it
0
1
1
2
2
3
0.027314610869105912
This means it &# 39;s compatible with basically every PC on the market .
DT VBZ PRP VBZ JJ JJ IN RB DT NN IN DT NN .
B-NP B-VP B-NP B-VP B-ADJP I-ADJP B-PP B-NP I-NP I-NP B-PP B-NP I-NP O
this
mean
it



/Users/ZwEin/Dropbox/Job/StudentWork at USC-ISI/ISI/Assignment/Assignment One (20160114)/raw/Sony Alpha A7R II Digital Camera Review - Reviewed.com Cameras.html
84
Sony
combats
this
0
1
1
2
2
3
0.7692020121215642
Sony combats this by including a second battery in the box , but it &# 39;s little more than a weak mea culpa .
NNP VBZ DT IN VBG DT JJ NN IN DT NN , CC PRP VBD JJ RB JJR IN DT JJ NN NN .
B-NP B-VP B-NP B-PP B-VP B-NP I-NP I-NP B-PP B-NP I-NP O O B-NP B-VP B-ADJP I-ADJP I-ADJP B-PP B-NP I-NP I-NP I-NP O
sony
combat
this



/Users/ZwEin/Dropbox/Job/StudentWork at USC-ISI/ISI/Assignment/Assignment One (20160114)/raw/Sony Alpha A7R II Digital Camera Review - Reviewed.com Cameras.html
85
The company
has been using the same batteries in
its cameras
0
2
2
9
9
11
0.9285884802206054
The company has been using the same batteries in its cameras for years , and it &# 39;s just not big enough to power full-frame sensors , the latest Bionz X processor , an EVF , and the large LCD.
DT NN VBZ VBN VBG DT JJ NNS IN PRP$ NNS IN NNS , CC PRP RB VBZ RB RB JJ RB TO NN JJ NNS , DT JJS NNP NNP NN , DT NN , CC DT JJ NNP
B-NP I-NP B-VP I-VP I-VP B-NP I-NP I-NP B-PP B-NP I-NP B-PP B-NP O O B-NP B-ADVP B-VP B-NP I-NP I-NP B-ADVP B-PP B-NP I-NP I-NP O B-NP I-NP I-NP I-NP I-NP O B-NP I-NP O O B-NP I-NP I-NP
the company
use battery in
its cameras



/Users/ZwEin/Dropbox/Job/StudentWork at USC-ISI/ISI/Assignment/Assignment One (20160114)/raw/Sony Alpha A7R II Digital Camera Review - Reviewed.com Cameras.html
87
The A7R II
is
an unbelievably good camera
3
6
6
7
7
11
0.6586652010155566
Simply put : The A7R II is an unbelievably good camera .
RB VBD : DT NNP NNP VBZ DT RB JJ NN .
B-ADVP B-VP O B-NP I-NP I-NP B-VP B-NP I-NP I-NP I-NP O
the a7r ii
be
an unbelievably good camera



/Users/ZwEin/Dropbox/Job/StudentWork at USC-ISI/ISI/Assignment/Assignment One (20160114)/raw/Sony Alpha A7R II Digital Camera Review - Reviewed.com Cameras.html
88
the A7R II
is
a full-blown redraft
11
14
14
15
15
18
0.7655531151642233
IIwas little more than a minor edit of the original , the A7R II is a full-blown redraft .
RB RB JJR IN DT JJ NN IN DT JJ , DT NNP NNP VBZ DT JJ NN .
B-ADVP I-ADVP B-NP B-PP B-NP I-NP I-NP I-NP I-NP I-NP O B-NP I-NP I-NP B-VP B-NP I-NP I-NP O
the a7r ii
be
a full-blown redraft



/Users/ZwEin/Dropbox/Job/StudentWork at USC-ISI/ISI/Assignment/Assignment One (20160114)/raw/Sony Alpha A7R II Digital Camera Review - Reviewed.com Cameras.html
91
your job—you
want
it
20
22
22
23
23
24
0.014705689225633095
And if you &# 39;re going to shell out over $ 3,000 for a camera—especially if it &# 39;s for your job—you want it to be perfect .
CC IN PRP VBP PRP VBG TO VB RP IN $ CD IN DT RB IN PRP VBZ JJ IN PRP$ NNS VBP PRP TO VB JJ .
O B-SBAR B-NP B-VP B-NP B-VP I-VP I-VP B-PRT B-NP I-NP I-NP B-PP B-NP I-NP B-SBAR B-NP B-VP B-ADJP B-PP B-NP I-NP B-VP B-NP B-VP I-VP B-ADJP O
your job—you
want
it



/Users/ZwEin/Dropbox/Job/StudentWork at USC-ISI/ISI/Assignment/Assignment One (20160114)/raw/Sony Alpha A7R II Digital Camera Review - Reviewed.com Cameras.html
92
enough little annoyances
add up to
an experience
2
5
6
9
9
11
0.012331292679461668
There are enough little annoyances that add up to an experience that does n&# 39;t feel quite as smooth as it should .
EX VBP RB JJ NNS WDT VBP RP TO DT NN WDT VBZ RB VB VB RB RB JJ IN PRP MD .
B-NP B-VP B-NP I-NP I-NP B-NP B-VP B-PRT B-PP B-NP I-NP B-NP B-VP I-VP I-VP I-VP B-ADJP I-ADJP I-ADJP B-SBAR B-NP B-VP O
enough little annoyances
add up to
an experience



/Users/ZwEin/Dropbox/Job/StudentWork at USC-ISI/ISI/Assignment/Assignment One (20160114)/raw/Sony Alpha A7R II Digital Camera Review - Reviewed.com Cameras.html
94
These
are
all issues
0
1
1
2
2
4
0.6384697068652525
These are all issues you can work around , of course , but these issues become magnified given the A7R II &# 39;s direct competition —not to mention Sony &# 39;s aspirations .
DT VBP DT NNS PRP MD VB RB , IN NN , CC DT NNS VBP VBN VBN DT NNP NNP NN VBZ JJ NN VBD TO VB NNP NNP VBD NNS .
B-NP B-VP B-NP I-NP B-NP B-VP I-VP B-ADVP O B-PP B-NP O O B-NP I-NP B-VP I-VP I-VP B-NP I-NP I-NP I-NP B-VP B-NP I-NP B-VP I-VP I-VP B-NP I-NP B-VP B-NP O
these
be
all issues



/Users/ZwEin/Dropbox/Job/StudentWork at USC-ISI/ISI/Assignment/Assignment One (20160114)/raw/Sony Alpha A7R II Digital Camera Review - Reviewed.com Cameras.html
95
The A7R II
holds up well in
these comparisons
0
3
3
7
7
9
0.9449684539561599
The A7R II holds up well in these comparisons , but if it &# 39;s day-to-day reliability you &# 39;re after then the Canon and Nikon options are simply better choices .
DT NNP NNP VBZ RB RB IN DT NNS , CC IN PRP VBZ JJ JJ NN PRP VBP JJ IN RB DT NNP CC NNP NNS VBP RB JJR NNS .
B-NP I-NP I-NP B-VP B-ADVP I-ADVP B-PP B-NP I-NP O O B-SBAR B-NP B-VP B-NP I-NP I-NP B-NP B-VP B-ADVP B-PP B-NP I-NP I-NP I-NP I-NP I-NP B-VP B-NP I-NP I-NP O
the a7r ii
hold in
these comparisons



/Users/ZwEin/Dropbox/Job/StudentWork at USC-ISI/ISI/Assignment/Assignment One (20160114)/raw/Sony Alpha A7R II Digital Camera Review - Reviewed.com Cameras.html
95
then the Canon and Nikon options
are simply
better choices
21
27
27
29
29
31
0.3099278287084068
The A7R II holds up well in these comparisons , but if it &# 39;s day-to-day reliability you &# 39;re after then the Canon and Nikon options are simply better choices .
DT NNP NNP VBZ RB RB IN DT NNS , CC IN PRP VBZ JJ JJ NN PRP VBP JJ IN RB DT NNP CC NNP NNS VBP RB JJR NNS .
B-NP I-NP I-NP B-VP B-ADVP I-ADVP B-PP B-NP I-NP O O B-SBAR B-NP B-VP B-NP I-NP I-NP B-NP B-VP B-ADVP B-PP B-NP I-NP I-NP I-NP I-NP I-NP B-VP B-NP I-NP I-NP O
then the canon and nikon options
be
better choices



/Users/ZwEin/Dropbox/Job/StudentWork at USC-ISI/ISI/Assignment/Assignment One (20160114)/raw/Sony Alpha A7R II Digital Camera Review - Reviewed.com Cameras.html
97
the autofocus system
perfectly tracks
a moving subject
1
4
4
6
6
9
0.7190017461881001
When the autofocus system perfectly tracks a moving subject , the 5-axis stabilization system compensates just right for your caffeinated hands , and the A7R II &# 39;s 42-megapixel sensor delivers a stunning high-resolution image .
WRB DT NN NN RB VBZ DT VBG NN , DT NNP NN NN VBZ RB RB IN PRP$ JJ NNS , CC DT NNP NNP NN VBZ JJ NN VBZ DT JJ NN NN .
B-ADVP B-NP I-NP I-NP B-ADVP B-VP B-NP I-NP I-NP O B-NP I-NP I-NP I-NP B-VP B-ADVP B-ADVP B-PP B-NP I-NP I-NP O O B-NP I-NP I-NP I-NP B-VP B-NP I-NP B-VP B-NP I-NP I-NP I-NP O
the autofocus system
track
a moving subject



/Users/ZwEin/Dropbox/Job/StudentWork at USC-ISI/ISI/Assignment/Assignment One (20160114)/raw/Sony Alpha A7R II Digital Camera Review - Reviewed.com Cameras.html
97
the 5-axis stabilization system
compensates just right for
your caffeinated hands
10
14
14
18
18
21
0.9496692753612289
When the autofocus system perfectly tracks a moving subject , the 5-axis stabilization system compensates just right for your caffeinated hands , and the A7R II &# 39;s 42-megapixel sensor delivers a stunning high-resolution image .
WRB DT NN NN RB VBZ DT VBG NN , DT NNP NN NN VBZ RB RB IN PRP$ JJ NNS , CC DT NNP NNP NN VBZ JJ NN VBZ DT JJ NN NN .
B-ADVP B-NP I-NP I-NP B-ADVP B-VP B-NP I-NP I-NP O B-NP I-NP I-NP I-NP B-VP B-ADVP B-ADVP B-PP B-NP I-NP I-NP O O B-NP I-NP I-NP I-NP B-VP B-NP I-NP B-VP B-NP I-NP I-NP I-NP O
the 5-axis stabilization system
compensate for
your caffeinated hands



/Users/ZwEin/Dropbox/Job/StudentWork at USC-ISI/ISI/Assignment/Assignment One (20160114)/raw/Sony Alpha A7R II Digital Camera Review - Reviewed.com Cameras.html
97
42-megapixel sensor
delivers
a stunning high-resolution image
28
30
30
31
31
35
0.6770816707489083
When the autofocus system perfectly tracks a moving subject , the 5-axis stabilization system compensates just right for your caffeinated hands , and the A7R II &# 39;s 42-megapixel sensor delivers a stunning high-resolution image .
WRB DT NN NN RB VBZ DT VBG NN , DT NNP NN NN VBZ RB RB IN PRP$ JJ NNS , CC DT NNP NNP NN VBZ JJ NN VBZ DT JJ NN NN .
B-ADVP B-NP I-NP I-NP B-ADVP B-VP B-NP I-NP I-NP O B-NP I-NP I-NP I-NP B-VP B-ADVP B-ADVP B-PP B-NP I-NP I-NP O O B-NP I-NP I-NP I-NP B-VP B-NP I-NP B-VP B-NP I-NP I-NP I-NP O
42-megapixel sensor
deliver
a stunning high-resolution image



/Users/ZwEin/Dropbox/Job/StudentWork at USC-ISI/ISI/Assignment/Assignment One (20160114)/raw/Sony Alpha A7R II Digital Camera Review - Reviewed.com Cameras.html
98
the moment
is better told with
a video
1
3
3
7
7
9
0.8023768880825647
Maybe the moment is better told with a video , in which case you can easily swap to capturing it in pristine 4K , even in extreme darkness .
RB DT NN VBZ RB VBN IN DT NN , IN WDT NN PRP MD RB VB TO VBG PRP IN JJ JJ , RB IN JJ NN .
B-ADVP B-NP I-NP B-VP I-VP I-VP B-PP B-NP I-NP O B-PP B-NP B-NP B-NP B-VP I-VP I-VP B-PP B-VP B-NP B-PP B-NP I-NP O B-PP I-PP B-NP I-NP O
the moment
tell with
a video



/Users/ZwEin/Dropbox/Job/StudentWork at USC-ISI/ISI/Assignment/Assignment One (20160114)/raw/Sony Alpha A7R II Digital Camera Review - Reviewed.com Cameras.html
99
Those
are
the times
0
1
1
2
2
4
0.7772110995058878
Those are the times when you can see the full measure of Sony &# 39;s accomplishment .
DT VBP DT NNS WRB PRP MD VB DT JJ NN IN NNP CC JJ NN .
B-NP B-VP B-NP I-NP B-ADVP B-NP B-VP I-VP B-NP I-NP I-NP I-NP I-NP O B-NP I-NP O
those
be
the times



/Users/ZwEin/Dropbox/Job/StudentWork at USC-ISI/ISI/Assignment/Assignment One (20160114)/raw/Sony Alpha A7R II Digital Camera Review - Reviewed.com Cameras.html
99
you
can see the full measure of
Sony
5
6
6
12
12
13
0.55450702092235
Those are the times when you can see the full measure of Sony &# 39;s accomplishment .
DT VBP DT NNS WRB PRP MD VB DT JJ NN IN NNP CC JJ NN .
B-NP B-VP B-NP I-NP B-ADVP B-NP B-VP I-VP B-NP I-NP I-NP I-NP I-NP O B-NP I-NP O
you
see measure of
sony



/Users/ZwEin/Dropbox/Job/StudentWork at USC-ISI/ISI/Assignment/Assignment One (20160114)/raw/Sony Alpha A7R II Digital Camera Review - Reviewed.com Cameras.html
100
The A7R II
is n&#
39;t perfect
0
3
3
5
5
7
0.9166413472012409
The A7R II is n&# 39;t perfect , but this is the culmination of Sony &# 39;s collective work in the imaging industry over the last decade .
DT NNP NNP VBZ RB JJ JJ , CC DT VBZ DT NN IN NNP VBD JJ JJ NN IN DT NN NN IN DT JJ NN .
B-NP I-NP I-NP B-VP B-NP I-NP I-NP O O B-NP B-VP B-NP I-NP I-NP I-NP B-VP B-NP I-NP I-NP B-PP B-NP I-NP I-NP B-PP B-NP I-NP I-NP O
the a7r ii
be
39;t perfect



/Users/ZwEin/Dropbox/Job/StudentWork at USC-ISI/ISI/Assignment/Assignment One (20160114)/raw/Sony Alpha A7R II Digital Camera Review - Reviewed.com Cameras.html
100
this
is the culmination of
Sony
9
10
10
14
14
15
0.5742310705901598
The A7R II is n&# 39;t perfect , but this is the culmination of Sony &# 39;s collective work in the imaging industry over the last decade .
DT NNP NNP VBZ RB JJ JJ , CC DT VBZ DT NN IN NNP VBD JJ JJ NN IN DT NN NN IN DT JJ NN .
B-NP I-NP I-NP B-VP B-NP I-NP I-NP O O B-NP B-VP B-NP I-NP I-NP I-NP B-VP B-NP I-NP I-NP B-PP B-NP I-NP I-NP B-PP B-NP I-NP I-NP O
this
be culmination of
sony



/Users/ZwEin/Dropbox/Job/StudentWork at USC-ISI/ISI/Assignment/Assignment One (20160114)/raw/Sony Alpha A7R II Digital Camera Review - Reviewed.com Cameras.html
101
39;s mirrorless camera system
has been living on little
more
5
9
9
14
14
15
0.8462743920610108
For years , Sony &# 39;s mirrorless camera system has been living on little more than the promise of what it could someday be .
IN NNS , NNP VBD JJ JJ NN NN VBZ VBN VBG IN RB JJR IN DT NN IN WP PRP MD RB VB .
B-PP B-NP O B-NP B-VP B-NP I-NP I-NP I-NP B-VP I-VP I-VP B-PP B-NP I-NP B-PP B-NP I-NP I-NP I-NP B-NP B-VP I-VP I-VP O
39;s mirrorless camera system
live on
more



/Users/ZwEin/Dropbox/Job/StudentWork at USC-ISI/ISI/Assignment/Assignment One (20160114)/raw/Sony Alpha A7R II Digital Camera Review - Reviewed.com Cameras.html
102
The A7R II
is
the moment
0
3
3
4
4
6
0.7868308148922003
The A7R II is the moment where Sony finally delivers .
DT NNP NNP VBZ DT NN WRB NNP RB VBZ .
B-NP I-NP I-NP B-VP B-NP I-NP B-ADVP B-NP B-ADVP B-VP O
the a7r ii
be
the moment



/Users/ZwEin/Dropbox/Job/StudentWork at USC-ISI/ISI/Assignment/Assignment One (20160114)/raw/Sony Alpha A7R II Digital Camera Review - Reviewed.com Cameras.html
103
we
earn a small percentage of
the sale
1
2
2
7
7
9
0.30115587807882455
While we earn a small percentage of the sale , make no mistake that our ethics policy is strongly enforced here , too .
IN PRP VBP DT JJ NN IN DT NN , VB DT NN IN PRP$ NNS NN VBZ RB VBN RB , RB .
B-SBAR B-NP B-VP B-NP I-NP I-NP I-NP I-NP I-NP O B-VP B-NP I-NP B-PP B-NP I-NP I-NP B-VP I-VP I-VP B-ADVP O B-ADVP O
we
earn percentage of
the sale



/Users/ZwEin/Dropbox/Job/StudentWork at USC-ISI/ISI/Assignment/Assignment One (20160114)/raw/Sony Alpha A7R II Digital Camera Review - Reviewed.com Cameras.html
103
we
make
no mistake
1
2
10
11
11
13
0.03526304015904809
While we earn a small percentage of the sale , make no mistake that our ethics policy is strongly enforced here , too .
IN PRP VBP DT JJ NN IN DT NN , VB DT NN IN PRP$ NNS NN VBZ RB VBN RB , RB .
B-SBAR B-NP B-VP B-NP I-NP I-NP I-NP I-NP I-NP O B-VP B-NP I-NP B-PP B-NP I-NP I-NP B-VP I-VP I-VP B-ADVP O B-ADVP O
we
make
no mistake



/Users/ZwEin/Dropbox/Job/StudentWork at USC-ISI/ISI/Assignment/Assignment One (20160114)/raw/Sony Alpha A7R II Digital Camera Review - Reviewed.com Cameras.html
104
You
can buy
products
0
1
1
3
3
4
0.04732471105757858
You can buy products that have received both positive and negative reviews , because we realize that there 's a right product for everyone .
PRP MD VB NNS WDT VBP VBN DT JJ CC JJ NNS , IN PRP VBP IN EX VBZ DT JJ NN IN NN .
B-NP B-VP I-VP B-NP B-NP B-VP I-VP B-NP I-NP I-NP I-NP I-NP O B-SBAR B-NP B-VP B-SBAR B-NP B-VP B-NP I-NP I-NP B-PP B-NP O
you
buy
products



/Users/ZwEin/Dropbox/Job/StudentWork at USC-ISI/ISI/Assignment/Assignment One (20160114)/raw/Sony Alpha A7R II Digital Camera Review - Reviewed.com Cameras.html
104
products
have received
both positive and negative reviews
3
4
5
7
7
12
0.28555988209766064
You can buy products that have received both positive and negative reviews , because we realize that there 's a right product for everyone .
PRP MD VB NNS WDT VBP VBN DT JJ CC JJ NNS , IN PRP VBP IN EX VBZ DT JJ NN IN NN .
B-NP B-VP I-VP B-NP B-NP B-VP I-VP B-NP I-NP I-NP I-NP I-NP O B-SBAR B-NP B-VP B-SBAR B-NP B-VP B-NP I-NP I-NP B-PP B-NP O
products
receive
both positive and negative reviews



/Users/ZwEin/Dropbox/Job/StudentWork at USC-ISI/ISI/Assignment/Assignment One (20160114)/raw/Sony Alpha A7R II Digital Camera Review - Reviewed.com Cameras.html
108
All trademarks and product names
are the property of
their respective owners
0
5
5
9
9
12
0.9420513170234865
All trademarks and product names are the property of their respective owners .
DT NNS CC NN NNS VBP DT NN IN PRP$ JJ NNS .
B-NP I-NP I-NP I-NP I-NP B-VP B-NP I-NP I-NP I-NP I-NP I-NP O
all trademarks and product names
be property of
their respective owners



/Users/ZwEin/Dropbox/Job/StudentWork at USC-ISI/ISI/Assignment/Assignment One (20160114)/raw/Sony Alpha A7R II Digital Camera Review - Reviewed.com Cameras.html
109
We
make
no guarantees
0
1
1
2
2
4
0.12313904308092126
We make no guarantees regarding any of the advice offered on this web site or by its staff or users .
PRP VBP DT NNS VBG DT IN DT NN VBN IN DT NN NN CC IN PRP$ NN CC NNS .
B-NP B-VP B-NP I-NP B-VP B-NP I-NP I-NP I-NP B-VP B-PP B-NP I-NP I-NP O B-PP B-NP I-NP I-NP I-NP O
we
make
no guarantees



/Users/ZwEin/Dropbox/Job/StudentWork at USC-ISI/ISI/Assignment/Assignment One (20160114)/raw/Sony Alpha A7R II Digital Camera Review - Reviewed.com Cameras.html
110
User comments and postings
are not the responsibility of
Reviewed.com
0
4
4
9
9
10
0.9489890684124583
User comments and postings are not the responsibility of Reviewed.com .
NNP NNS CC NNS VBP RB DT NN IN NNP .
B-NP I-NP I-NP I-NP B-VP O B-NP I-NP I-NP I-NP O
user comments and postings
be responsibility of
reviewed.com
